C51 COMPILER V9.54   KEY                                                                   06/25/2018 11:39:36 PAGE 1   


C51 COMPILER V9.54, COMPILATION OF MODULE KEY
OBJECT MODULE PLACED IN key.obj
COMPILER INVOKED BY: C:\Keil_v5\C51\BIN\C51.EXE HEADWARE\key\key.c OPTIMIZE(8,SPEED) BROWSE INCDIR(.\HEADWARE;.\HEADWARE
                    -\DELAY;.\HEADWARE\Usart;.\HEADWARE\time;.\HEADWARE\massage;.\HEADWARE\key) DEBUG OBJECTEXTEND PRINT(.\key.lst) TABS(2) O
                    -BJECT(key.obj)

line level    source

   1          #include "key.h"
   2          #include "delay.h"
   3          #include "massage.h"
   4          
   5          #define yellow 1
   6          #define green 2
   7          #define white 3
   8          #define blue 4
   9          #define red 5
  10          
  11          #define press 1
  12          #define lift 2
  13          void KEY()
  14          {    
  15   1        if(yellow_key==0)     
  16   1        { 
  17   2          delay_ms(10);  
  18   2          if(yellow_key==0)  
  19   2          {
  20   3            key_control(yellow,press);
  21   3              Gashapon = ~Gashapon;
  22   3          while(!yellow_key);  
  23   3            key_control(yellow,lift);
  24   3          }
  25   2        } 
  26   1          
  27   1        if(green_key==0)     
  28   1        { 
  29   2          delay_ms(10);  
  30   2          if(green_key==0)  
  31   2          {
  32   3            key_control(green,press);
  33   3              Gashapon = ~Gashapon;
  34   3          while(!green_key);   
  35   3            key_control(green,lift);
  36   3          }
  37   2        } 
  38   1        
  39   1        if(white_key==0)     
  40   1        { 
  41   2          delay_ms(10);  
  42   2          if(white_key==0)   
  43   2          {
  44   3            key_control(white,press);
  45   3            Gashapon = ~Gashapon;
  46   3          while(!white_key);  
  47   3          key_control(white,lift);
  48   3          }
  49   2        } 
  50   1          
  51   1        if(blue_key==0)   
  52   1        { 
  53   2          delay_ms(10);  
C51 COMPILER V9.54   KEY                                                                   06/25/2018 11:39:36 PAGE 2   

  54   2          if(blue_key==0) 
  55   2          {
  56   3            key_control(blue,press);
  57   3              Gashapon = ~Gashapon;
  58   3          while(!blue_key);  
  59   3            key_control(blue,lift);
  60   3          }
  61   2        }   
  62   1          
  63   1        if(red_key==0)     
  64   1        { 
  65   2          delay_ms(10);  
  66   2          if(red_key==0)  
  67   2          {
  68   3            key_control(red,press);
  69   3              Gashapon = ~Gashapon;
  70   3          while(!red_key);   
  71   3            key_control(red,lift);
  72   3          }
  73   2        } 
  74   1          
  75   1      } 


MODULE INFORMATION:   STATIC OVERLAYABLE
   CODE SIZE        =    161    ----
   CONSTANT SIZE    =   ----    ----
   XDATA SIZE       =   ----    ----
   PDATA SIZE       =   ----    ----
   DATA SIZE        =   ----    ----
   IDATA SIZE       =   ----    ----
   BIT SIZE         =   ----    ----
END OF MODULE INFORMATION.


C51 COMPILATION COMPLETE.  0 WARNING(S),  0 ERROR(S)
